#
# There is insufficient memory for the Java Runtime Environment to continue.
# Native memory allocation (mmap) failed to map 18808832 bytes for committing reserved memory.
# Possible reasons:
#   The system is out of physical RAM or swap space
#   In 32 bit mode, the process size limit was hit
# Possible solutions:
#   Reduce memory load on the system
#   Increase physical memory or swap space
#   Check if swap backing store is full
#   Use 64 bit Java on a 64 bit OS
#   Decrease Java heap size (-Xmx/-Xms)
#   Decrease number of Java threads
#   Decrease Java thread stack sizes (-Xss)
#   Set larger code cache with -XX:ReservedCodeCacheSize=
# This output file may be truncated or incomplete.
#
#  Out of Memory Error (os_linux.cpp:2746), pid=10807, tid=0x00007fefd4e30700
#
# JRE version: OpenJDK Runtime Environment (8.0_191-b12) (build 1.8.0_191-8u191-b12-2ubuntu0.16.04.1-b12)
# Java VM: OpenJDK 64-Bit Server VM (25.191-b12 mixed mode linux-amd64 compressed oops)
# Failed to write core dump. Core dumps have been disabled. To enable core dumping, try "ulimit -c unlimited" before starting Java again
#

---------------  T H R E A D  ---------------

Current thread (0x00007fefe406f000):  VMThread [stack: 0x00007fefd4d30000,0x00007fefd4e31000] [id=10834]

Stack: [0x00007fefd4d30000,0x00007fefd4e31000],  sp=0x00007fefd4e2f520,  free space=1021k
Native frames: (J=compiled Java code, j=interpreted, Vv=VM code, C=native code)
V  [libjvm.so+0xa7414b]
V  [libjvm.so+0x4c8ebc]
V  [libjvm.so+0x8c0c98]
V  [libjvm.so+0x8b82ce]
V  [libjvm.so+0xa70a34]
V  [libjvm.so+0x5ce2cd]
V  [libjvm.so+0x5cee6d]
V  [libjvm.so+0x5bb838]
V  [libjvm.so+0x45082f]
V  [libjvm.so+0xa75251]
V  [libjvm.so+0xa7af97]
V  [libjvm.so+0xa78697]
V  [libjvm.so+0xa79b1f]
V  [libjvm.so+0xa7a011]
V  [libjvm.so+0x8be002]

VM_Operation (0x00007fefec62b190): GenCollectForAllocation, mode: safepoint, requested by thread 0x00007fefe400b000


---------------  P R O C E S S  ---------------

Java Threads: ( => current thread )
  0x00007fefe40aa000 JavaThread "Service Thread" daemon [_thread_blocked, id=10840, stack(0x00007fefd4592000,0x00007fefd4693000)]
  0x00007fefe40a7000 JavaThread "C1 CompilerThread1" daemon [_thread_blocked, id=10839, stack(0x00007fefd4693000,0x00007fefd4794000)]
  0x00007fefe40a5000 JavaThread "C2 CompilerThread0" daemon [_thread_blocked, id=10838, stack(0x00007fefd4794000,0x00007fefd4895000)]
  0x00007fefe40a2800 JavaThread "Signal Dispatcher" daemon [_thread_blocked, id=10837, stack(0x00007fefd4895000,0x00007fefd4996000)]
  0x00007fefe407b000 JavaThread "Finalizer" daemon [_thread_blocked, id=10836, stack(0x00007fefd4b2e000,0x00007fefd4c2f000)]
  0x00007fefe4078800 JavaThread "Reference Handler" daemon [_thread_blocked, id=10835, stack(0x00007fefd4c2f000,0x00007fefd4d30000)]
  0x00007fefe400b000 JavaThread "main" [_thread_blocked, id=10833, stack(0x00007fefec52d000,0x00007fefec62e000)]

Other Threads:
=>0x00007fefe406f000 VMThread [stack: 0x00007fefd4d30000,0x00007fefd4e31000] [id=10834]
  0x00007fefe40af800 WatcherThread [stack: 0x00007fefd4491000,0x00007fefd4592000] [id=10841]

VM state:at safepoint (normal execution)

VM Mutex/Monitor currently owned by a thread:  ([mutex/lock_event])
[0x00007fefe40072e0] Threads_lock - owner thread: 0x00007fefe406f000
[0x00007fefe40077e0] Heap_lock - owner thread: 0x00007fefe400b000

Heap:
 def new generation   total 30528K, used 0K [0x00000000c6400000, 0x00000000c8510000, 0x00000000d9800000)
  eden space 27200K,   0% used [0x00000000c6400000, 0x00000000c6400000, 0x00000000c7e90000)
  from space 3328K,   0% used [0x00000000c7e90000, 0x00000000c7e90000, 0x00000000c81d0000)
  to   space 3328K,   0% used [0x00000000c81d0000, 0x00000000c81d0000, 0x00000000c8510000)
 tenured generation   total 77360K, used 57435K [0x00000000d9800000, 0x00000000de38c000, 0x0000000100000000)
   the space 77360K,  74% used [0x00000000d9800000, 0x00000000dd016d30, 0x00000000dd016e00, 0x00000000de38c000)
 Metaspace       used 29288K, capacity 30240K, committed 30464K, reserved 1077248K
  class space    used 3238K, capacity 3521K, committed 3584K, reserved 1048576K

Card table byte_map: [0x00007fefe89f4000,0x00007fefe8bc3000] byte_map_base: 0x00007fefe83c2000

Polling page: 0x00007fefec63a000

CodeCache: size=245760Kb used=16507Kb max_used=16507Kb free=229252Kb
 bounds [0x00007fefd5000000, 0x00007fefd6030000, 0x00007fefe4000000]
 total_blobs=6138 nmethods=5715 adapters=337
 compilation: enabled

Compilation events (10 events):
Event: 13.492 Thread 0x00007fefe40a7000 6281       2       java.nio.charset.CharsetEncoder::reset (11 bytes)
Event: 13.492 Thread 0x00007fefe40a7000 nmethod 6281 0x00007fefd6025d10 code [0x00007fefd6025e60, 0x00007fefd6025fb0]
Event: 13.492 Thread 0x00007fefe40a7000 6282       2       java.nio.charset.CharsetEncoder::implReset (1 bytes)
Event: 13.492 Thread 0x00007fefe40a7000 nmethod 6282 0x00007fefd6026050 code [0x00007fefd60261a0, 0x00007fefd60262f0]
Event: 13.493 Thread 0x00007fefe40a7000 6284       2       java.util.ArrayList::subListRangeCheck (110 bytes)
Event: 13.493 Thread 0x00007fefe40a7000 nmethod 6284 0x00007fefd6026350 code [0x00007fefd60265c0, 0x00007fefd6026ed0]
Event: 13.493 Thread 0x00007fefe40a7000 6285       2       java.util.ArrayList$SubList::<init> (46 bytes)
Event: 13.493 Thread 0x00007fefe40a7000 nmethod 6285 0x00007fefd6027550 code [0x00007fefd60276a0, 0x00007fefd6027830]
Event: 13.494 Thread 0x00007fefe40a7000 6286       2       java.io.File::length (33 bytes)
Event: 13.494 Thread 0x00007fefe40a7000 nmethod 6286 0x00007fefd6027910 code [0x00007fefd6027aa0, 0x00007fefd6027ca0]

GC Heap History (10 events):
Event: 11.293 GC heap after
Heap after GC invocations=27 (full 2):
 def new generation   total 30528K, used 1204K [0x00000000c6400000, 0x00000000c8510000, 0x00000000d9800000)
  eden space 27200K,   0% used [0x00000000c6400000, 0x00000000c6400000, 0x00000000c7e90000)
  from space 3328K,  36% used [0x00000000c81d0000, 0x00000000c82fd0b8, 0x00000000c8510000)
  to   space 3328K,   0% used [0x00000000c7e90000, 0x00000000c7e90000, 0x00000000c81d0000)
 tenured generation   total 67592K, used 40553K [0x00000000d9800000, 0x00000000dda02000, 0x0000000100000000)
   the space 67592K,  59% used [0x00000000d9800000, 0x00000000dbf9a798, 0x00000000dbf9a800, 0x00000000dda02000)
 Metaspace       used 26750K, capacity 27488K, committed 27776K, reserved 1073152K
  class space    used 2966K, capacity 3166K, committed 3200K, reserved 1048576K
}
Event: 11.840 GC heap before
{Heap before GC invocations=27 (full 2):
 def new generation   total 30528K, used 28404K [0x00000000c6400000, 0x00000000c8510000, 0x00000000d9800000)
  eden space 27200K, 100% used [0x00000000c6400000, 0x00000000c7e90000, 0x00000000c7e90000)
  from space 3328K,  36% used [0x00000000c81d0000, 0x00000000c82fd0b8, 0x00000000c8510000)
  to   space 3328K,   0% used [0x00000000c7e90000, 0x00000000c7e90000, 0x00000000c81d0000)
 tenured generation   total 67592K, used 40553K [0x00000000d9800000, 0x00000000dda02000, 0x0000000100000000)
   the space 67592K,  59% used [0x00000000d9800000, 0x00000000dbf9a798, 0x00000000dbf9a800, 0x00000000dda02000)
 Metaspace       used 26937K, capacity 27710K, committed 28032K, reserved 1075200K
  class space    used 2978K, capacity 3177K, committed 3200K, reserved 1048576K
Event: 11.865 GC heap after
Heap after GC invocations=28 (full 2):
 def new generation   total 30528K, used 3328K [0x00000000c6400000, 0x00000000c8510000, 0x00000000d9800000)
  eden space 27200K,   0% used [0x00000000c6400000, 0x00000000c6400000, 0x00000000c7e90000)
  from space 3328K, 100% used [0x00000000c7e90000, 0x00000000c81d0000, 0x00000000c81d0000)
  to   space 3328K,   0% used [0x00000000c81d0000, 0x00000000c81d0000, 0x00000000c8510000)
 tenured generation   total 67592K, used 44218K [0x00000000d9800000, 0x00000000dda02000, 0x0000000100000000)
   the space 67592K,  65% used [0x00000000d9800000, 0x00000000dc32ea60, 0x00000000dc32ec00, 0x00000000dda02000)
 Metaspace       used 26937K, capacity 27710K, committed 28032K, reserved 1075200K
  class space    used 2978K, capacity 3177K, committed 3200K, reserved 1048576K
}
Event: 12.308 GC heap before
{Heap before GC invocations=28 (full 2):
 def new generation   total 30528K, used 30528K [0x00000000c6400000, 0x00000000c8510000, 0x00000000d9800000)
  eden space 27200K, 100% used [0x00000000c6400000, 0x00000000c7e90000, 0x00000000c7e90000)
  from space 3328K, 100% used [0x00000000c7e90000, 0x00000000c81d0000, 0x00000000c81d0000)
  to   space 3328K,   0% used [0x00000000c81d0000, 0x00000000c81d0000, 0x00000000c8510000)
 tenured generation   total 67592K, used 44218K [0x00000000d9800000, 0x00000000dda02000, 0x0000000100000000)
   the space 67592K,  65% used [0x00000000d9800000, 0x00000000dc32ea60, 0x00000000dc32ec00, 0x00000000dda02000)
 Metaspace       used 27088K, capacity 27870K, committed 28160K, reserved 1075200K
  class space    used 2981K, capacity 3209K, committed 3328K, reserved 1048576K
Event: 12.369 GC heap after
Heap after GC invocations=29 (full 2):
 def new generation   total 30528K, used 3319K [0x00000000c6400000, 0x00000000c8510000, 0x00000000d9800000)
  eden space 27200K,   0% used [0x00000000c6400000, 0x00000000c6400000, 0x00000000c7e90000)
  from space 3328K,  99% used [0x00000000c81d0000, 0x00000000c850dc40, 0x00000000c8510000)
  to   space 3328K,   0% used [0x00000000c7e90000, 0x00000000c7e90000, 0x00000000c81d0000)
 tenured generation   total 67592K, used 46983K [0x00000000d9800000, 0x00000000dda02000, 0x0000000100000000)
   the space 67592K,  69% used [0x00000000d9800000, 0x00000000dc5e1c78, 0x00000000dc5e1e00, 0x00000000dda02000)
 Metaspace       used 27088K, capacity 27870K, committed 28160K, reserved 1075200K
  class space    used 2981K, capacity 3209K, committed 3328K, reserved 1048576K
}
Event: 12.917 GC heap before
{Heap before GC invocations=29 (full 2):
 def new generation   total 30528K, used 30519K [0x00000000c6400000, 0x00000000c8510000, 0x00000000d9800000)
  eden space 27200K, 100% used [0x00000000c6400000, 0x00000000c7e90000, 0x00000000c7e90000)
  from space 3328K,  99% used [0x00000000c81d0000, 0x00000000c850dc40, 0x00000000c8510000)
  to   space 3328K,   0% used [0x00000000c7e90000, 0x00000000c7e90000, 0x00000000c81d0000)
 tenured generation   total 67592K, used 46983K [0x00000000d9800000, 0x00000000dda02000, 0x0000000100000000)
   the space 67592K,  69% used [0x00000000d9800000, 0x00000000dc5e1c78, 0x00000000dc5e1e00, 0x00000000dda02000)
 Metaspace       used 27806K, capacity 28646K, committed 28928K, reserved 1075200K
  class space    used 3034K, capacity 3311K, committed 3328K, reserved 1048576K
Event: 12.946 GC heap after
Heap after GC invocations=30 (full 2):
 def new generation   total 30528K, used 1821K [0x00000000c6400000, 0x00000000c8510000, 0x00000000d9800000)
  eden space 27200K,   0% used [0x00000000c6400000, 0x00000000c6400000, 0x00000000c7e90000)
  from space 3328K,  54% used [0x00000000c7e90000, 0x00000000c8057728, 0x00000000c81d0000)
  to   space 3328K,   0% used [0x00000000c81d0000, 0x00000000c81d0000, 0x00000000c8510000)
 tenured generation   total 67592K, used 50260K [0x00000000d9800000, 0x00000000dda02000, 0x0000000100000000)
   the space 67592K,  74% used [0x00000000d9800000, 0x00000000dc915048, 0x00000000dc915200, 0x00000000dda02000)
 Metaspace       used 27806K, capacity 28646K, committed 28928K, reserved 1075200K
  class space    used 3034K, capacity 3311K, committed 3328K, reserved 1048576K
}
Event: 13.516 GC heap before
{Heap before GC invocations=30 (full 2):
 def new generation   total 30528K, used 22548K [0x00000000c6400000, 0x00000000c8510000, 0x00000000d9800000)
  eden space 27200K,  76% used [0x00000000c6400000, 0x00000000c783d9d0, 0x00000000c7e90000)
  from space 3328K,  54% used [0x00000000c7e90000, 0x00000000c8057728, 0x00000000c81d0000)
  to   space 3328K,   0% used [0x00000000c81d0000, 0x00000000c81d0000, 0x00000000c8510000)
 tenured generation   total 67592K, used 50260K [0x00000000d9800000, 0x00000000dda02000, 0x0000000100000000)
   the space 67592K,  74% used [0x00000000d9800000, 0x00000000dc915048, 0x00000000dc915200, 0x00000000dda02000)
 Metaspace       used 29280K, capacity 30240K, committed 30464K, reserved 1077248K
  class space    used 3237K, capacity 3521K, committed 3584K, reserved 1048576K
Event: 13.532 GC heap after
Heap after GC invocations=31 (full 2):
 def new generation   total 30528K, used 2643K [0x00000000c6400000, 0x00000000c8510000, 0x00000000d9800000)
  eden space 27200K,   0% used [0x00000000c6400000, 0x00000000c6400000, 0x00000000c7e90000)
  from space 3328K,  79% used [0x00000000c81d0000, 0x00000000c8464f50, 0x00000000c8510000)
  to   space 3328K,   0% used [0x00000000c7e90000, 0x00000000c7e90000, 0x00000000c81d0000)
 tenured generation   total 67592K, used 51444K [0x00000000d9800000, 0x00000000dda02000, 0x0000000100000000)
   the space 67592K,  76% used [0x00000000d9800000, 0x00000000dca3d1f0, 0x00000000dca3d200, 0x00000000dda02000)
 Metaspace       used 29280K, capacity 30240K, committed 30464K, reserved 1077248K
  class space    used 3237K, capacity 3521K, committed 3584K, reserved 1048576K
}
Event: 13.545 GC heap before
{Heap before GC invocations=31 (full 2):
 def new generation   total 30528K, used 22713K [0x00000000c6400000, 0x00000000c8510000, 0x00000000d9800000)
  eden space 27200K,  73% used [0x00000000c6400000, 0x00000000c7799570, 0x00000000c7e90000)
  from space 3328K,  79% used [0x00000000c81d0000, 0x00000000c8464f50, 0x00000000c8510000)
  to   space 3328K,   0% used [0x00000000c7e90000, 0x00000000c7e90000, 0x00000000c81d0000)
 tenured generation   total 67592K, used 51444K [0x00000000d9800000, 0x00000000dda02000, 0x0000000100000000)
   the space 67592K,  76% used [0x00000000d9800000, 0x00000000dca3d1f0, 0x00000000dca3d200, 0x00000000dda02000)
 Metaspace       used 29288K, capacity 30240K, committed 30464K, reserved 1077248K
  class space    used 3238K, capacity 3521K, committed 3584K, reserved 1048576K

Deoptimization events (10 events):
Event: 10.978 Thread 0x00007fefe400b000 Uncommon trap: reason=class_check action=maybe_recompile pc=0x00007fefd52bf0f8 method=com.sun.tools.javac.code.Type.containsAny(Lcom/sun/tools/javac/util/List;)Z @ 20
Event: 11.176 Thread 0x00007fefe400b000 Uncommon trap: reason=class_check action=maybe_recompile pc=0x00007fefd521e170 method=com.sun.tools.javac.code.Type$ClassType.allparams()Lcom/sun/tools/javac/util/List; @ 16
Event: 11.310 Thread 0x00007fefe400b000 Uncommon trap: reason=unstable_if action=reinterpret pc=0x00007fefd5b6d93c method=com.sun.tools.javac.util.SharedNameTable.fromChars([CII)Lcom/sun/tools/javac/util/Name; @ 171
Event: 11.467 Thread 0x00007fefe400b000 Uncommon trap: reason=unstable_if action=reinterpret pc=0x00007fefd5e18d1c method=com.sun.tools.javac.file.JavacFileManager.listContainer(Ljava/io/File;Lcom/sun/tools/javac/file/RelativePath$RelativeDirectory;Ljava/util/Set;ZLcom/sun/tools/javac/util/List
Event: 12.185 Thread 0x00007fefe400b000 Uncommon trap: reason=unstable_if action=reinterpret pc=0x00007fefd5e7cc58 method=com.sun.tools.javac.jvm.Code.width(Lcom/sun/tools/javac/code/Type;)I @ 1
Event: 12.388 Thread 0x00007fefe400b000 Uncommon trap: reason=unstable_if action=reinterpret pc=0x00007fefd57df148 method=java.util.WeakHashMap.expungeStaleEntries()V @ 66
Event: 12.687 Thread 0x00007fefe400b000 Uncommon trap: reason=unstable_if action=reinterpret pc=0x00007fefd547cf9c method=com.google.inject.internal.asm.$Type.a(Ljava/lang/StringBuffer;Ljava/lang/Class;)V @ 91
Event: 12.700 Thread 0x00007fefe400b000 Uncommon trap: reason=unstable_if action=reinterpret pc=0x00007fefd553c764 method=com.google.inject.internal.asm.$Type.getArgumentsAndReturnSizes(Ljava/lang/String;)I @ 41
Event: 12.700 Thread 0x00007fefe400b000 Uncommon trap: reason=unstable_if action=reinterpret pc=0x00007fefd54ba478 method=com.google.inject.internal.asm.$Type.getArgumentsAndReturnSizes(Ljava/lang/String;)I @ 130
Event: 13.444 Thread 0x00007fefe400b000 Uncommon trap: reason=unstable_if action=reinterpret pc=0x00007fefd5faf110 method=java.util.Properties$LineReader.readLine()I @ 252

Classes redefined (0 events):
No events

Internal exceptions (10 events):
Event: 9.079 Thread 0x00007fefe400b000 Exception <a 'java/lang/NoSuchFieldError': method resolution failed> (0x00000000c69bb498) thrown at [/build/openjdk-8-6jqSe7/openjdk-8-8u191-b12/src/hotspot/src/share/vm/prims/methodHandles.cpp, line 1167]
Event: 9.080 Thread 0x00007fefe400b000 Exception <a 'java/lang/NoSuchFieldError': method resolution failed> (0x00000000c69c8b90) thrown at [/build/openjdk-8-6jqSe7/openjdk-8-8u191-b12/src/hotspot/src/share/vm/prims/methodHandles.cpp, line 1167]
Event: 9.144 Thread 0x00007fefe400b000 Exception <a 'java/io/FileNotFoundException'> (0x00000000c6a75c90) thrown at [/build/openjdk-8-6jqSe7/openjdk-8-8u191-b12/src/hotspot/src/share/vm/prims/jni.cpp, line 709]
Event: 9.451 Thread 0x00007fefe400b000 Exception <a 'java/io/FileNotFoundException'> (0x00000000c6bb5aa0) thrown at [/build/openjdk-8-6jqSe7/openjdk-8-8u191-b12/src/hotspot/src/share/vm/prims/jni.cpp, line 709]
Event: 11.467 Thread 0x00007fefe400b000 Exception <a 'java/io/FileNotFoundException'> (0x00000000c6f93300) thrown at [/build/openjdk-8-6jqSe7/openjdk-8-8u191-b12/src/hotspot/src/share/vm/prims/jni.cpp, line 709]
Event: 11.468 Thread 0x00007fefe400b000 Exception <a 'java/io/FileNotFoundException'> (0x00000000c6f94078) thrown at [/build/openjdk-8-6jqSe7/openjdk-8-8u191-b12/src/hotspot/src/share/vm/prims/jni.cpp, line 709]
Event: 11.468 Thread 0x00007fefe400b000 Exception <a 'java/io/FileNotFoundException'> (0x00000000c6f94aa0) thrown at [/build/openjdk-8-6jqSe7/openjdk-8-8u191-b12/src/hotspot/src/share/vm/prims/jni.cpp, line 709]
Event: 11.593 Thread 0x00007fefe400b000 Exception <a 'java/io/FileNotFoundException'> (0x00000000c7987778) thrown at [/build/openjdk-8-6jqSe7/openjdk-8-8u191-b12/src/hotspot/src/share/vm/prims/jni.cpp, line 709]
Event: 11.918 Thread 0x00007fefe400b000 Exception <a 'java/io/FileNotFoundException'> (0x00000000c6773048) thrown at [/build/openjdk-8-6jqSe7/openjdk-8-8u191-b12/src/hotspot/src/share/vm/prims/jni.cpp, line 709]
Event: 12.777 Thread 0x00007fefe400b000 Exception <a 'java/lang/NoSuchMethodError': org.apache.maven.execution.MavenExecutionRequest.getFailureBehavior()Ljava/lang/String;> (0x00000000c75e98b0) thrown at [/build/openjdk-8-6jqSe7/openjdk-8-8u191-b12/src/hotspot/src/share/vm/interpreter/linkResol

Events (10 events):
Event: 13.545 Executing VM operation: RevokeBias done
Event: 13.545 Executing VM operation: RevokeBias
Event: 13.545 Executing VM operation: RevokeBias done
Event: 13.545 Executing VM operation: RevokeBias
Event: 13.545 Executing VM operation: RevokeBias done
Event: 13.545 Executing VM operation: RevokeBias
Event: 13.545 Executing VM operation: RevokeBias done
Event: 13.545 Executing VM operation: RevokeBias
Event: 13.545 Executing VM operation: RevokeBias done
Event: 13.545 Executing VM operation: GenCollectForAllocation


Dynamic libraries:
00400000-00401000 r-xp 00000000 08:01 256496                             /usr/lib/jvm/java-8-openjdk-amd64/jre/bin/java
00600000-00601000 r--p 00000000 08:01 256496                             /usr/lib/jvm/java-8-openjdk-amd64/jre/bin/java
00601000-00602000 rw-p 00001000 08:01 256496                             /usr/lib/jvm/java-8-openjdk-amd64/jre/bin/java
00df4000-00e15000 rw-p 00000000 00:00 0                                  [heap]
c6400000-c8510000 rw-p 00000000 00:00 0 
c8510000-d9800000 ---p 00000000 00:00 0 
d9800000-de38c000 rw-p 00000000 00:00 0 
df57c000-100000000 ---p 00000000 00:00 0 
100000000-100380000 rw-p 00000000 00:00 0 
100380000-140000000 ---p 00000000 00:00 0 
7fefb38ba000-7fefb38fa000 rw-p 00000000 00:00 0 
7fefb38fa000-7fefb3abd000 ---p 00000000 00:00 0 
7fefb3abd000-7fefb3dbb000 rw-p 00000000 00:00 0 
7fefb3dbb000-7fefb3fbb000 rw-p 00000000 00:00 0 
7fefb3fd4000-7fefb41d4000 rw-p 00000000 00:00 0 
7fefb41d4000-7fefb43d4000 rw-p 00000000 00:00 0 
7fefb43d4000-7fefb45d4000 rw-p 00000000 00:00 0 
7fefb45d4000-7fefb47d4000 rw-p 00000000 00:00 0 
7fefb47d4000-7fefb47e5000 r-xp 00000000 08:01 256486                     /usr/lib/jvm/java-8-openjdk-amd64/jre/lib/amd64/libnio.so
7fefb47e5000-7fefb49e5000 ---p 00011000 08:01 256486                     /usr/lib/jvm/java-8-openjdk-amd64/jre/lib/amd64/libnio.so
7fefb49e5000-7fefb49e6000 r--p 00011000 08:01 256486                     /usr/lib/jvm/java-8-openjdk-amd64/jre/lib/amd64/libnio.so
7fefb49e6000-7fefb49e7000 rw-p 00012000 08:01 256486                     /usr/lib/jvm/java-8-openjdk-amd64/jre/lib/amd64/libnio.so
7fefb49e7000-7fefb79e8000 rw-p 00000000 00:00 0 
7fefb79e8000-7fefb79ff000 r-xp 00000000 08:01 256455                     /usr/lib/jvm/java-8-openjdk-amd64/jre/lib/amd64/libnet.so
7fefb79ff000-7fefb7bfe000 ---p 00017000 08:01 256455                     /usr/lib/jvm/java-8-openjdk-amd64/jre/lib/amd64/libnet.so
7fefb7bfe000-7fefb7bff000 r--p 00016000 08:01 256455                     /usr/lib/jvm/java-8-openjdk-amd64/jre/lib/amd64/libnet.so
7fefb7bff000-7fefb7c00000 rw-p 00017000 08:01 256455                     /usr/lib/jvm/java-8-openjdk-amd64/jre/lib/amd64/libnet.so
7fefb7c00000-7fefb7e00000 rw-p 00000000 00:00 0 
7fefb7e00000-7fefb8000000 rw-p 00000000 00:00 0 
7fefb8000000-7fefb927f000 rw-p 00000000 00:00 0 
7fefb927f000-7fefbc000000 ---p 00000000 00:00 0 
7fefbc000000-7fefbc021000 rw-p 00000000 00:00 0 
7fefbc021000-7fefc0000000 ---p 00000000 00:00 0 
7fefc0000000-7fefc0021000 rw-p 00000000 00:00 0 
7fefc0021000-7fefc4000000 ---p 00000000 00:00 0 
7fefc4000000-7fefc533c000 rw-p 00000000 00:00 0 
7fefc533c000-7fefc8000000 ---p 00000000 00:00 0 
7fefc8000000-7fefc8021000 rw-p 00000000 00:00 0 
7fefc8021000-7fefcc000000 ---p 00000000 00:00 0 
7fefcc000000-7fefcc021000 rw-p 00000000 00:00 0 
7fefcc021000-7fefd0000000 ---p 00000000 00:00 0 
7fefd0000000-7fefd017b000 rw-p 00000000 00:00 0 
7fefd017b000-7fefd4000000 ---p 00000000 00:00 0 
7fefd408f000-7fefd4093000 r--s 0003d000 08:01 773853                     /root/.m2/repository/org/codehaus/plexus/plexus-utils/3.2.0/plexus-utils-3.2.0.jar
7fefd4093000-7fefd4097000 r--s 00017000 08:01 526323                     /root/.m2/repository/org/tukaani/xz/1.8/xz-1.8.jar
7fefd4097000-7fefd4099000 r--s 0000d000 08:01 526321                     /root/.m2/repository/org/iq80/snappy/snappy/0.4/snappy-0.4.jar
7fefd4099000-7fefd40a4000 r--s 00086000 08:01 526263                     /root/.m2/repository/org/apache/commons/commons-compress/1.18/commons-compress-1.18.jar
7fefd40a4000-7fefd40a7000 r--s 00010000 08:01 773860                     /root/.m2/repository/org/codehaus/plexus/plexus-io/3.1.1/plexus-io-3.1.1.jar
7fefd40a7000-7fefd40ac000 r--s 0002a000 08:01 773858                     /root/.m2/repository/org/codehaus/plexus/plexus-archiver/4.1.0/plexus-archiver-4.1.0.jar
7fefd40ac000-7fefd40ad000 r--s 00005000 08:01 773854                     /root/.m2/repository/org/apache/maven/maven-archiver/3.4.0/maven-archiver-3.4.0.jar
7fefd40ad000-7fefd40b0000 r--s 00008000 08:01 773850                     /root/.m2/repository/org/apache/maven/shared/maven-shared-io/3.0.0/maven-shared-io-3.0.0.jar
7fefd40b0000-7fefd40b2000 r--s 00007000 08:01 773848                     /root/.m2/repository/org/apache/maven/shared/file-management/3.0.0/file-management-3.0.0.jar
7fefd40b2000-7fefd40b3000 r--s 00006000 08:01 769758                     /root/.m2/repository/org/apache/maven/plugins/maven-jar-plugin/3.1.2/maven-jar-plugin-3.1.2.jar
7fefd40b3000-7fefd40ba000 r--s 00047000 08:01 770413                     /root/.m2/repository/com/thoughtworks/qdox/qdox/2.0-M8/qdox-2.0-M8.jar
7fefd40ba000-7fefd40bb000 r--s 00002000 08:01 770409                     /root/.m2/repository/org/apache/maven/reporting/maven-reporting-api/3.0/maven-reporting-api-3.0.jar
7fefd40bb000-7fefd40bd000 r--s 00003000 08:01 521272                     /root/.m2/repository/org/slf4j/jcl-over-slf4j/1.5.6/jcl-over-slf4j-1.5.6.jar
7fefd40bd000-7fefd40bf000 r--s 00001000 08:01 521267                     /root/.m2/repository/org/slf4j/slf4j-jdk14/1.5.6/slf4j-jdk14-1.5.6.jar
7fefd40bf000-7fefd40c1000 r--s 0000b000 08:01 521259                     /root/.m2/repository/org/codehaus/plexus/plexus-interpolation/1.11/plexus-interpolation-1.11.jar
7fefd40c1000-7fefd40c9000 r--s 00049000 08:01 520669                     /root/.m2/repository/backport-util-concurrent/backport-util-concurrent/3.1/backport-util-concurrent-3.1.jar
7fefd40c9000-7fefd40cb000 r--s 00009000 08:01 525191                     /root/.m2/repository/org/hamcrest/hamcrest-core/1.3/hamcrest-core-1.3.jar
7fefd40cb000-7fefd40d3000 r--s 00045000 08:01 525180                     /root/.m2/repository/junit/junit/4.12/junit-4.12.jar
7fefd40d3000-7fefd40d7000 r--s 00034000 08:01 520670                     /root/.m2/repository/org/codehaus/plexus/plexus-utils/1.5.15/plexus-utils-1.5.15.jar
7fefd40d7000-7fefd40db000 r--s 0003f000 08:01 770406                     /root/.m2/repository/org/apache/maven/surefire/surefire-booter/2.22.2/surefire-booter-2.22.2.jar
7fefd40db000-7fefd40dd000 r--s 00002000 08:01 770403                     /root/.m2/repository/org/apache/maven/surefire/surefire-logger-api/2.22.2/surefire-logger-api-2.22.2.jar
7fefd40dd000-7fefd40e2000 r--s 00029000 08:01 770401                     /root/.m2/repository/org/apache/maven/surefire/surefire-api/2.22.2/surefire-api-2.22.2.jar
7fefd40e2000-7fefd40e3000 r--s 00003000 08:01 770399                     /root/.m2/repository/org/apache/maven/plugin-tools/maven-plugin-annotations/3.5.2/maven-plugin-annotations-3.5.2.jar
7fefd40e3000-7fefd40ec000 r--s 00078000 08:01 770397                     /root/.m2/repository/org/apache/maven/surefire/maven-surefire-common/2.22.2/maven-surefire-common-2.22.2.jar
7fefd40ec000-7fefd40ed000 r--s 00009000 08:01 769751                     /root/.m2/repository/org/apache/maven/plugins/maven-surefire-plugin/2.22.2/maven-surefire-plugin-2.22.2.jar
7fefd40ed000-7fefd4166000 r--s 01101000 08:01 257265                     /usr/lib/jvm/java-8-openjdk-amd64/lib/tools.jar
7fefd4166000-7fefd4168000 r--s 00004000 08:01 525818                     /root/.m2/repository/org/codehaus/plexus/plexus-compiler-javac/2.8.4/plexus-compiler-javac-2.8.4.jar
7fefd4168000-7fefd416a000 r--s 00000000 08:01 525822                     /root/.m2/repository/org/codehaus/plexus/plexus-compiler-manager/2.8.4/plexus-compiler-manager-2.8.4.jar
7fefd416a000-7fefd416c000 r--s 00005000 08:01 525819                     /root/.m2/repository/org/codehaus/plexus/plexus-compiler-api/2.8.4/plexus-compiler-api-2.8.4.jar
7fefd416c000-7fefd4173000 r--s 00047000 08:01 525817                     /root/.m2/repository/com/thoughtworks/qdox/qdox/2.0-M9/qdox-2.0-M9.jar
7fefd4173000-7fefd4175000 r--s 0001a000 08:01 525815                     /root/.m2/repository/org/ow2/asm/asm/6.2/asm-6.2.jar
7fefd4175000-7fefd4177000 r--s 00008000 08:01 525812                     /root/.m2/repository/org/codehaus/plexus/plexus-java/0.9.10/plexus-java-0.9.10.jar
7fefd4177000-7fefd4179000 r--s 00002000 08:01 525810                     /root/.m2/repository/org/apache/maven/shared/maven-shared-incremental/1.1/maven-shared-incremental-1.1.jar
7fefd4179000-7fefd417b000 r--s 0000d000 08:01 525806                     /root/.m2/repository/org/codehaus/plexus/plexus-interpolation/1.14/plexus-interpolation-1.14.jar
7fefd417b000-7fefd417d000 r--s 0000e000 08:01 769738                     /root/.m2/repository/org/apache/maven/plugins/maven-compiler-plugin/3.8.1/maven-compiler-plugin-3.8.1.jar
7fefd417d000-7fefd4180000 r--s 00011000 08:01 525580                     /root/.m2/repository/org/codehaus/plexus/plexus-interpolation/1.24/plexus-interpolation-1.24.jar
7fefd4180000-7fefd4182000 r--s 00001000 08:01 525585                     /root/.m2/repository/org/sonatype/plexus/plexus-build-api/0.0.7/plexus-build-api-0.0.7.jar
7fefd4182000-7fefd4184000 r--s 00006000 08:01 525582                     /root/.m2/repository/com/google/code/findbugs/jsr305/2.0.1/jsr305-2.0.1.jar
7fefd4184000-7fefd4187000 r--s 00023000 08:01 525581                     /root/.m2/repository/org/apache/maven/shared/maven-shared-utils/3.0.0/maven-shared-utils-3.0.0.jar
7fefd4187000-7fefd4189000 r--s 0000b000 08:01 525579                     /root/.m2/repository/org/apache/maven/shared/maven-filtering/3.1.1/maven-filtering-3.1.1.jar
7fefd4189000-7fefd418d000 r--s 0003c000 08:01 525578                     /root/.m2/repository/org/codehaus/plexus/plexus-utils/3.1.0/plexus-utils-3.1.0.jar
7fefd418d000-7fefd418f000 r--s 00002000 08:01 525575                     /root/.m2/repository/org/sonatype/plexus/plexus-cipher/1.4/plexus-cipher-1.4.jar
7fefd418f000-7fefd4190000 r--s 00006000 08:01 525573                     /root/.m2/repository/org/sonatype/plexus/plexus-sec-dispatcher/1.3/plexus-sec-dispatcher-1.3.jar
7fefd4190000-7fefd4194000 r--s 00017000 08:01 525557                     /root/.m2/repository/org/sonatype/aether/aether-util/1.7/aether-util-1.7.jar
7fefd4194000-7fefd4195000 r--s 00007000 08:01 524652                     /root/.m2/repository/org/apache/maven/plugins/maven-resources-plugin/3.1.0/maven-resources-plugin-3.1.0.jar
7fefd4195000-7fefd4199000 r--s 0002f000 08:01 525586                     /root/.m2/repository/commons-io/commons-io/2.5/commons-io-2.5.jar
7fefd4199000-7fefd419c000 r--s 00026000 08:01 525808                     /root/.m2/repository/org/apache/maven/shared/maven-shared-utils/3.2.1/maven-shared-utils-3.2.1.jar
7fefd419c000-7fefd41a7000 r--s 00069000 08:01 525544                     /root/.m2/repository/org/sonatype/sisu/sisu-guice/2.1.7/sisu-guice-2.1.7-noaop.jar
7fefd41a7000-7fefd41ac000 r--s 00021000 08:01 525542                     /root/.m2/repository/org/sonatype/sisu/sisu-inject-bean/1.4.2/sisu-inject-bean-1.4.2.jar
7fefd41ac000-7fefd41ae000 r--s 00000000 08:01 525569                     /root/.m2/repository/org/codehaus/plexus/plexus-component-annotations/1.7.1/plexus-component-annotations-1.7.1.jar
7fefd41ae000-7fefd41b2000 r--s 00033000 08:01 525804                     /root/.m2/repository/org/codehaus/plexus/plexus-utils/2.0.4/plexus-utils-2.0.4.jar
7fefd41b2000-7fefd41b4000 r--s 00006000 08:01 769732                     /root/.m2/repository/org/apache/maven/plugins/maven-clean-plugin/3.1.0/maven-clean-plugin-3.1.0.jar
7fefd41b4000-7fefd41b9000 r--s 000a0000 08:01 256490                     /usr/lib/jvm/java-8-openjdk-amd64/jre/lib/jsse.jar
7fefd41b9000-7fefd43b9000 rw-p 00000000 00:00 0 
7fefd43b9000-7fefd43ba000 r--s 00006000 08:01 84512                      /usr/share/java/plexus-sec-dispatcher.jar
7fefd43ba000-7fefd43bb000 r--s 00004000 08:01 65925                      /usr/share/java/atinject-jsr330-tck-1.0.jar
7fefd43bb000-7fefd43e7000 r--s 00208000 08:01 84307                      /usr/share/java/guava.jar
7fefd43e7000-7fefd43e9000 r--s 00001000 08:01 84407                      /usr/share/java/aopalliance-1.0.jar
7fefd43e9000-7fefd43ea000 r--s 00008000 08:01 84387                      /usr/share/java/eclipse-aether-connector-basic.jar
7fefd43ea000-7fefd43f2000 r--s 00054000 08:01 84609                      /usr/share/java/sisu-inject.jar
7fefd43f2000-7fefd43f4000 r--s 00005000 08:01 84390                      /usr/share/java/eclipse-aether-transport-wagon.jar
7fefd43f4000-7fefd43f5000 r--s 0000a000 08:01 84642                      /usr/share/java/maven3-settings-3.3.9.jar
7fefd43f5000-7fefd43fb000 r--s 00048000 08:01 84294                      /usr/share/java/jsoup.jar
7fefd43fb000-7fefd442c000 r--s 00207000 08:01 84625                      /usr/share/java/wagon-http-shaded-2.x.jar
7fefd442c000-7fefd442f000 r--s 00007000 08:01 84651                      /usr/share/java/maven3-settings-builder-3.3.9.jar
7fefd442f000-7fefd4431000 r--s 0000d000 08:01 84650                      /usr/share/java/maven3-aether-provider-3.3.9.jar
7fefd4431000-7fefd443e000 r--s 0008d000 08:01 84645                      /usr/share/java/maven3-core-3.3.9.jar
7fefd443e000-7fefd4442000 r--s 00027000 08:01 84384                      /usr/share/java/eclipse-aether-impl.jar
7fefd4442000-7fefd4444000 r--s 0000a000 08:01 84622                      /usr/share/java/wagon-provider-api-2.x.jar
7fefd4444000-7fefd4446000 r--s 00013000 08:01 84648                      /usr/share/java/maven3-embedder-3.3.9.jar
7fefd4446000-7fefd444a000 r--s 00027000 08:01 66006                      /usr/share/java/commons-io-2.4.jar
7fefd444a000-7fefd444c000 r--s 0000a000 08:01 84643                      /usr/share/java/maven3-plugin-api-3.3.9.jar
7fefd444c000-7fefd4451000 r--s 00040000 08:01 66012                      /usr/share/java/commons-lang-2.6.jar
7fefd4451000-7fefd4456000 r--s 0001d000 08:01 84391                      /usr/share/java/eclipse-aether-api.jar
7fefd4456000-7fefd4458000 r--s 00001000 08:01 84652                      /usr/share/java/maven3-builder-support-3.3.9.jar
7fefd4458000-7fefd445a000 r--s 00027000 08:01 84649                      /usr/share/java/maven3-model-3.3.9.jar
7fefd445a000-7fefd445e000 r--s 00038000 08:01 84568                      /usr/share/java/plexus-utils2.jar
7fefd445e000-7fefd4463000 r--s 00025000 08:01 84647                      /usr/share/java/maven3-model-builder-3.3.9.jar
7fefd4463000-7fefd4467000 r--s 00020000 08:01 84392                      /usr/share/java/eclipse-aether-util.jar
7fefd4467000-7fefd4468000 r--s 00001000 08:01 84621                      /usr/share/java/wagon-file-2.x.jar
7fefd4468000-7fefd446b000 r--s 0000a000 08:01 84653                      /usr/share/java/maven3-artifact-3.3.9.jar
7fefd446b000-7fefd446c000 r--s 00000000 08:01 65939                      /usr/share/java/geronimo-interceptor-3.0-spec-1.0.1.jar
7fefd446c000-7fefd446e000 r--s 00012000 08:01 65948                      /usr/share/java/el-api-3.0.jar
7fefd446e000-7fefd446f000 r--s 00000000 08:01 65926                      /usr/share/java/atinject-jsr330-api-1.0.jar
7fefd446f000-7fefd4472000 r--s 00008000 08:01 65954                      /usr/share/java/cdi-api-1.0.jar
7fefd4472000-7fefd4479000 r--s 0005d000 08:01 74965                      /usr/share/java/commons-lang3.jar
7fefd4479000-7fefd447b000 r--s 0000a000 08:01 65974                      /usr/share/java/commons-cli-1.3.1.jar
7fefd447b000-7fefd4482000 r--s 0002c000 08:01 84615                      /usr/share/java/sisu-plexus.jar
7fefd4482000-7fefd4484000 r--s 00000000 08:01 84580                      /usr/share/java/plexus-component-annotations-1.5.jar
7fefd4484000-7fefd4485000 r--s 00002000 08:01 84267                      /usr/share/java/slf4j-simple.jar
7fefd4485000-7fefd4487000 r--s 00002000 08:01 84506                      /usr/share/java/plexus-cipher.jar
7fefd4487000-7fefd4488000 r--s 00006000 08:01 84646                      /usr/share/java/maven3-repository-metadata-3.3.9.jar
7fefd4488000-7fefd448f000 r--s 00041000 08:01 84644                      /usr/share/java/maven3-compat-3.3.9.jar
7fefd448f000-7fefd4491000 r--s 00007000 08:01 84270                      /usr/share/java/slf4j-api.jar
7fefd4491000-7fefd4492000 ---p 00000000 00:00 0 
7fefd4492000-7fefd4592000 rw-p 00000000 00:00 0 
7fefd4592000-7fefd4595000 ---p 00000000 00:00 0 
7fefd4595000-7fefd4693000 rw-p 00000000 00:00 0 
7fefd4693000-7fefd4696000 ---p 00000000 00:00 0 
7fefd4696000-7fefd4794000 rw-p 00000000 00:00 0 
7fefd4794000-7fefd4797000 ---p 00000000 00:00 0 
7fefd4797000-7fefd4895000 rw-p 00000000 00:00 0 
7fefd4895000-7fefd4898000 ---p 00000000 00:00 0 
7fefd4898000-7fefd4996000 rw-p 00000000 00:00 0 
7fefd4996000-7fefd4b2e000 r--p 00000000 08:01 29159                      /usr/lib/locale/locale-archive
7fefd4b2e000-7fefd4b31000 ---p 00000000 00:00 0 
7fefd4b31000-7fefd4c2f000 rw-p 00000000 00:00 0 
7fefd4c2f000-7fefd4c32000 ---p 00000000 00:00 0 
7fefd4c32000-7fefd4d30000 rw-p 00000000 00:00 0 
7fefd4d30000-7fefd4d31000 ---p 00000000 00:00 0 
7fefd4d31000-7fefd4e31000 rw-p 00000000 00:00 0 
7fefd4e31000-7fefd5000000 r--s 03c33000 08:01 256447                     /usr/lib/jvm/java-8-openjdk-amd64/jre/lib/rt.jar
7fefd5000000-7fefd6030000 rwxp 00000000 00:00 0 
7fefd6030000-7fefe4000000 ---p 00000000 00:00 0 
7fefe4000000-7fefe503b000 rw-p 00000000 00:00 0 
7fefe503b000-7fefe8000000 ---p 00000000 00:00 0 
7fefe8000000-7fefe8001000 r--s 00001000 08:01 84628                      /usr/share/java/wagon-http-shared-2.x.jar
7fefe8001000-7fefe8003000 r--s 00006000 08:01 84389                      /usr/share/java/eclipse-aether-spi.jar
7fefe8003000-7fefe8011000 r--s 00095000 08:01 84416                      /usr/share/java/guice.jar
7fefe8011000-7fefe8013000 r--s 0000e000 08:01 84228                      /usr/share/java/plexus-interpolation.jar
7fefe8013000-7fefe802e000 r--s 00394000 08:01 256433                     /usr/lib/jvm/java-8-openjdk-amd64/jre/lib/ext/cldrdata.jar
7fefe802e000-7fefe8049000 r--s 001d6000 08:01 256427                     /usr/lib/jvm/java-8-openjdk-amd64/jre/lib/ext/nashorn.jar
7fefe8049000-7fefe88bf000 rw-p 00000000 00:00 0 
7fefe88bf000-7fefe88e5000 rw-p 00000000 00:00 0 
7fefe88e5000-7fefe89f4000 ---p 00000000 00:00 0 
7fefe89f4000-7fefe8a05000 rw-p 00000000 00:00 0 
7fefe8a05000-7fefe8a8e000 ---p 00000000 00:00 0 
7fefe8a8e000-7fefe8ab4000 rw-p 00000000 00:00 0 
7fefe8ab4000-7fefe8bc2000 ---p 00000000 00:00 0 
7fefe8bc2000-7fefe8c04000 rw-p 00000000 00:00 0 
7fefe8c04000-7fefe8f83000 ---p 00000000 00:00 0 
7fefe8f83000-7fefe8f8b000 r-xp 00000000 08:01 256465                     /usr/lib/jvm/java-8-openjdk-amd64/jre/lib/amd64/libzip.so
7fefe8f8b000-7fefe918a000 ---p 00008000 08:01 256465                     /usr/lib/jvm/java-8-openjdk-amd64/jre/lib/amd64/libzip.so
7fefe918a000-7fefe918b000 r--p 00007000 08:01 256465                     /usr/lib/jvm/java-8-openjdk-amd64/jre/lib/amd64/libzip.so
7fefe918b000-7fefe918c000 rw-p 00008000 08:01 256465                     /usr/lib/jvm/java-8-openjdk-amd64/jre/lib/amd64/libzip.so
7fefe918c000-7fefe9197000 r-xp 00000000 08:01 2016                       /lib/x86_64-linux-gnu/libnss_files-2.23.so
7fefe9197000-7fefe9396000 ---p 0000b000 08:01 2016                       /lib/x86_64-linux-gnu/libnss_files-2.23.so
7fefe9396000-7fefe9397000 r--p 0000a000 08:01 2016                       /lib/x86_64-linux-gnu/libnss_files-2.23.so
7fefe9397000-7fefe9398000 rw-p 0000b000 08:01 2016                       /lib/x86_64-linux-gnu/libnss_files-2.23.so
7fefe9398000-7fefe939e000 rw-p 00000000 00:00 0 
7fefe939e000-7fefe93a9000 r-xp 00000000 08:01 2020                       /lib/x86_64-linux-gnu/libnss_nis-2.23.so
7fefe93a9000-7fefe95a8000 ---p 0000b000 08:01 2020                       /lib/x86_64-linux-gnu/libnss_nis-2.23.so
7fefe95a8000-7fefe95a9000 r--p 0000a000 08:01 2020                       /lib/x86_64-linux-gnu/libnss_nis-2.23.so
7fefe95a9000-7fefe95aa000 rw-p 0000b000 08:01 2020                       /lib/x86_64-linux-gnu/libnss_nis-2.23.so
7fefe95aa000-7fefe95c0000 r-xp 00000000 08:01 2000                       /lib/x86_64-linux-gnu/libnsl-2.23.so
7fefe95c0000-7fefe97bf000 ---p 00016000 08:01 2000                       /lib/x86_64-linux-gnu/libnsl-2.23.so
7fefe97bf000-7fefe97c0000 r--p 00015000 08:01 2000                       /lib/x86_64-linux-gnu/libnsl-2.23.so
7fefe97c0000-7fefe97c1000 rw-p 00016000 08:01 2000                       /lib/x86_64-linux-gnu/libnsl-2.23.so
7fefe97c1000-7fefe97c3000 rw-p 00000000 00:00 0 
7fefe97c3000-7fefe97cb000 r-xp 00000000 08:01 2011                       /lib/x86_64-linux-gnu/libnss_compat-2.23.so
7fefe97cb000-7fefe99ca000 ---p 00008000 08:01 2011                       /lib/x86_64-linux-gnu/libnss_compat-2.23.so
7fefe99ca000-7fefe99cb000 r--p 00007000 08:01 2011                       /lib/x86_64-linux-gnu/libnss_compat-2.23.so
7fefe99cb000-7fefe99cc000 rw-p 00008000 08:01 2011                       /lib/x86_64-linux-gnu/libnss_compat-2.23.so
7fefe99cc000-7fefe99f9000 r-xp 00000000 08:01 256469                     /usr/lib/jvm/java-8-openjdk-amd64/jre/lib/amd64/libjava.so
7fefe99f9000-7fefe9bf8000 ---p 0002d000 08:01 256469                     /usr/lib/jvm/java-8-openjdk-amd64/jre/lib/amd64/libjava.so
7fefe9bf8000-7fefe9bf9000 r--p 0002c000 08:01 256469                     /usr/lib/jvm/java-8-openjdk-amd64/jre/lib/amd64/libjava.so
7fefe9bf9000-7fefe9bfb000 rw-p 0002d000 08:01 256469                     /usr/lib/jvm/java-8-openjdk-amd64/jre/lib/amd64/libjava.so
7fefe9bfb000-7fefe9c0a000 r-xp 00000000 08:01 256474                     /usr/lib/jvm/java-8-openjdk-amd64/jre/lib/amd64/libverify.so
7fefe9c0a000-7fefe9e09000 ---p 0000f000 08:01 256474                     /usr/lib/jvm/java-8-openjdk-amd64/jre/lib/amd64/libverify.so
7fefe9e09000-7fefe9e0b000 r--p 0000e000 08:01 256474                     /usr/lib/jvm/java-8-openjdk-amd64/jre/lib/amd64/libverify.so
7fefe9e0b000-7fefe9e0c000 rw-p 00010000 08:01 256474                     /usr/lib/jvm/java-8-openjdk-amd64/jre/lib/amd64/libverify.so
7fefe9e0c000-7fefe9e13000 r-xp 00000000 08:01 2021                       /lib/x86_64-linux-gnu/librt-2.23.so
7fefe9e13000-7fefea012000 ---p 00007000 08:01 2021                       /lib/x86_64-linux-gnu/librt-2.23.so
7fefea012000-7fefea013000 r--p 00006000 08:01 2021                       /lib/x86_64-linux-gnu/librt-2.23.so
7fefea013000-7fefea014000 rw-p 00007000 08:01 2021                       /lib/x86_64-linux-gnu/librt-2.23.so
7fefea014000-7fefea02a000 r-xp 00000000 08:01 1996                       /lib/x86_64-linux-gnu/libgcc_s.so.1
7fefea02a000-7fefea229000 ---p 00016000 08:01 1996                       /lib/x86_64-linux-gnu/libgcc_s.so.1
7fefea229000-7fefea22a000 rw-p 00015000 08:01 1996                       /lib/x86_64-linux-gnu/libgcc_s.so.1
7fefea22a000-7fefea332000 r-xp 00000000 08:01 1999                       /lib/x86_64-linux-gnu/libm-2.23.so
7fefea332000-7fefea531000 ---p 00108000 08:01 1999                       /lib/x86_64-linux-gnu/libm-2.23.so
7fefea531000-7fefea532000 r--p 00107000 08:01 1999                       /lib/x86_64-linux-gnu/libm-2.23.so
7fefea532000-7fefea533000 rw-p 00108000 08:01 1999                       /lib/x86_64-linux-gnu/libm-2.23.so
7fefea533000-7fefea6a5000 r-xp 00000000 08:01 25901                      /usr/lib/x86_64-linux-gnu/libstdc++.so.6.0.21
7fefea6a5000-7fefea8a5000 ---p 00172000 08:01 25901                      /usr/lib/x86_64-linux-gnu/libstdc++.so.6.0.21
7fefea8a5000-7fefea8af000 r--p 00172000 08:01 25901                      /usr/lib/x86_64-linux-gnu/libstdc++.so.6.0.21
7fefea8af000-7fefea8b1000 rw-p 0017c000 08:01 25901                      /usr/lib/x86_64-linux-gnu/libstdc++.so.6.0.21
7fefea8b1000-7fefea8b5000 rw-p 00000000 00:00 0 
7fefea8b5000-7fefeb516000 r-xp 00000000 08:01 256480                     /usr/lib/jvm/java-8-openjdk-amd64/jre/lib/amd64/server/libjvm.so
7fefeb516000-7fefeb716000 ---p 00c61000 08:01 256480                     /usr/lib/jvm/java-8-openjdk-amd64/jre/lib/amd64/server/libjvm.so
7fefeb716000-7fefeb7aa000 r--p 00c61000 08:01 256480                     /usr/lib/jvm/java-8-openjdk-amd64/jre/lib/amd64/server/libjvm.so
7fefeb7aa000-7fefeb7d3000 rw-p 00cf5000 08:01 256480                     /usr/lib/jvm/java-8-openjdk-amd64/jre/lib/amd64/server/libjvm.so
7fefeb7d3000-7fefeb803000 rw-p 00000000 00:00 0 
7fefeb803000-7fefeb81b000 r-xp 00000000 08:01 2002                       /lib/x86_64-linux-gnu/libpthread-2.23.so
7fefeb81b000-7fefeba1a000 ---p 00018000 08:01 2002                       /lib/x86_64-linux-gnu/libpthread-2.23.so
7fefeba1a000-7fefeba1b000 r--p 00017000 08:01 2002                       /lib/x86_64-linux-gnu/libpthread-2.23.so
7fefeba1b000-7fefeba1c000 rw-p 00018000 08:01 2002                       /lib/x86_64-linux-gnu/libpthread-2.23.so
7fefeba1c000-7fefeba20000 rw-p 00000000 00:00 0 
7fefeba20000-7fefeba23000 r-xp 00000000 08:01 2005                       /lib/x86_64-linux-gnu/libdl-2.23.so
7fefeba23000-7fefebc22000 ---p 00003000 08:01 2005                       /lib/x86_64-linux-gnu/libdl-2.23.so
7fefebc22000-7fefebc23000 r--p 00002000 08:01 2005                       /lib/x86_64-linux-gnu/libdl-2.23.so
7fefebc23000-7fefebc24000 rw-p 00003000 08:01 2005                       /lib/x86_64-linux-gnu/libdl-2.23.so
7fefebc24000-7fefebc3d000 r-xp 00000000 08:01 2139                       /lib/x86_64-linux-gnu/libz.so.1.2.8
7fefebc3d000-7fefebe3c000 ---p 00019000 08:01 2139                       /lib/x86_64-linux-gnu/libz.so.1.2.8
7fefebe3c000-7fefebe3d000 r--p 00018000 08:01 2139                       /lib/x86_64-linux-gnu/libz.so.1.2.8
7fefebe3d000-7fefebe3e000 rw-p 00019000 08:01 2139                       /lib/x86_64-linux-gnu/libz.so.1.2.8
7fefebe3e000-7fefebffe000 r-xp 00000000 08:01 2003                       /lib/x86_64-linux-gnu/libc-2.23.so
7fefebffe000-7fefec1fe000 ---p 001c0000 08:01 2003                       /lib/x86_64-linux-gnu/libc-2.23.so
7fefec1fe000-7fefec202000 r--p 001c0000 08:01 2003                       /lib/x86_64-linux-gnu/libc-2.23.so
7fefec202000-7fefec204000 rw-p 001c4000 08:01 2003                       /lib/x86_64-linux-gnu/libc-2.23.so
7fefec204000-7fefec208000 rw-p 00000000 00:00 0 
7fefec208000-7fefec215000 r-xp 00000000 08:01 256471                     /usr/lib/jvm/java-8-openjdk-amd64/jre/lib/amd64/jli/libjli.so
7fefec215000-7fefec415000 ---p 0000d000 08:01 256471                     /usr/lib/jvm/java-8-openjdk-amd64/jre/lib/amd64/jli/libjli.so
7fefec415000-7fefec416000 r--p 0000d000 08:01 256471                     /usr/lib/jvm/java-8-openjdk-amd64/jre/lib/amd64/jli/libjli.so
7fefec416000-7fefec417000 rw-p 0000e000 08:01 256471                     /usr/lib/jvm/java-8-openjdk-amd64/jre/lib/amd64/jli/libjli.so
7fefec417000-7fefec43d000 r-xp 00000000 08:01 2001                       /lib/x86_64-linux-gnu/ld-2.23.so
7fefec43d000-7fefec43f000 r--s 0000a000 08:01 84562                      /usr/share/java/plexus-classworlds2-2.5.2.jar
7fefec43f000-7fefec441000 r--s 00008000 08:01 256429                     /usr/lib/jvm/java-8-openjdk-amd64/jre/lib/ext/sunec.jar
7fefec441000-7fefec447000 r--s 0003b000 08:01 256434                     /usr/lib/jvm/java-8-openjdk-amd64/jre/lib/ext/sunjce_provider.jar
7fefec447000-7fefec44a000 r--s 00038000 08:01 256428                     /usr/lib/jvm/java-8-openjdk-amd64/jre/lib/ext/sunpkcs11.jar
7fefec44a000-7fefec454000 r--s 00116000 08:01 256436                     /usr/lib/jvm/java-8-openjdk-amd64/jre/lib/ext/localedata.jar
7fefec454000-7fefec525000 rw-p 00000000 00:00 0 
7fefec525000-7fefec52d000 rw-s 00000000 08:01 264680                     /tmp/hsperfdata_root/10807
7fefec52d000-7fefec530000 ---p 00000000 00:00 0 
7fefec530000-7fefec632000 rw-p 00000000 00:00 0 
7fefec632000-7fefec633000 r--s 00010000 08:01 256430                     /usr/lib/jvm/java-8-openjdk-amd64/jre/lib/ext/zipfs.jar
7fefec633000-7fefec636000 r--s 0000f000 08:01 256435                     /usr/lib/jvm/java-8-openjdk-amd64/jre/lib/ext/icedtea-sound.jar
7fefec636000-7fefec637000 r--s 0000a000 08:01 256432                     /usr/lib/jvm/java-8-openjdk-amd64/jre/lib/ext/jaccess.jar
7fefec637000-7fefec639000 r--s 00001000 08:01 256431                     /usr/lib/jvm/java-8-openjdk-amd64/jre/lib/ext/dnsns.jar
7fefec639000-7fefec63a000 rw-p 00000000 00:00 0 
7fefec63a000-7fefec63b000 ---p 00000000 00:00 0 
7fefec63b000-7fefec63c000 rw-p 00000000 00:00 0 
7fefec63c000-7fefec63d000 r--p 00025000 08:01 2001                       /lib/x86_64-linux-gnu/ld-2.23.so
7fefec63d000-7fefec63e000 rw-p 00026000 08:01 2001                       /lib/x86_64-linux-gnu/ld-2.23.so
7fefec63e000-7fefec63f000 rw-p 00000000 00:00 0 
7ffc517af000-7ffc517d0000 rw-p 00000000 00:00 0                          [stack]
7ffc517df000-7ffc517e2000 r--p 00000000 00:00 0                          [vvar]
7ffc517e2000-7ffc517e4000 r-xp 00000000 00:00 0                          [vdso]
ffffffffff600000-ffffffffff601000 r-xp 00000000 00:00 0                  [vsyscall]

VM Arguments:
jvm_args: -Dclassworlds.conf=/usr/share/maven/bin/m2.conf -Dmaven.home=/usr/share/maven -Dmaven.multiModuleProjectDirectory=/home/siwiakmichal/bootapp/one-armed-bandit-web-socket 
java_command: org.codehaus.plexus.classworlds.launcher.Launcher clean package -DskipTests
java_class_path (initial): /usr/share/maven/boot/plexus-classworlds-2.x.jar
Launcher Type: SUN_STANDARD

Environment Variables:
JAVA_HOME=/usr/lib/jvm/java-8-openjdk-amd64
PATH=/usr/local/sbin:/usr/local/bin:/usr/sbin:/usr/bin:/sbin:/bin:/snap/bin
USERNAME=root
SHELL=/bin/bash

Signal Handlers:
SIGSEGV: [libjvm.so+0xa74ca0], sa_mask[0]=11111111011111111101111111111110, sa_flags=SA_RESTART|SA_SIGINFO
SIGBUS: [libjvm.so+0xa74ca0], sa_mask[0]=11111111011111111101111111111110, sa_flags=SA_RESTART|SA_SIGINFO
SIGFPE: [libjvm.so+0x8bbcf0], sa_mask[0]=11111111011111111101111111111110, sa_flags=SA_RESTART|SA_SIGINFO
SIGPIPE: [libjvm.so+0x8bbcf0], sa_mask[0]=11111111011111111101111111111110, sa_flags=SA_RESTART|SA_SIGINFO
SIGXFSZ: [libjvm.so+0x8bbcf0], sa_mask[0]=11111111011111111101111111111110, sa_flags=SA_RESTART|SA_SIGINFO
SIGILL: [libjvm.so+0x8bbcf0], sa_mask[0]=11111111011111111101111111111110, sa_flags=SA_RESTART|SA_SIGINFO
SIGUSR1: SIG_DFL, sa_mask[0]=00000000000000000000000000000000, sa_flags=none
SIGUSR2: [libjvm.so+0x8bbba0], sa_mask[0]=00000000000000000000000000000000, sa_flags=SA_RESTART|SA_SIGINFO
SIGHUP: [libjvm.so+0x8bc230], sa_mask[0]=11111111011111111101111111111110, sa_flags=SA_RESTART|SA_SIGINFO
SIGINT: [libjvm.so+0x8bc230], sa_mask[0]=11111111011111111101111111111110, sa_flags=SA_RESTART|SA_SIGINFO
SIGTERM: [libjvm.so+0x8bc230], sa_mask[0]=11111111011111111101111111111110, sa_flags=SA_RESTART|SA_SIGINFO
SIGQUIT: [libjvm.so+0x8bc230], sa_mask[0]=11111111011111111101111111111110, sa_flags=SA_RESTART|SA_SIGINFO


---------------  S Y S T E M  ---------------

OS:DISTRIB_ID=Ubuntu
DISTRIB_RELEASE=16.04
DISTRIB_CODENAME=xenial
DISTRIB_DESCRIPTION="Ubuntu 16.04.5 LTS"

uname:Linux 4.15.0-1026-gcp #27~16.04.1-Ubuntu SMP Fri Dec 7 09:59:47 UTC 2018 x86_64
libc:glibc 2.23 NPTL 2.23 
rlimit: STACK 8192k, CORE 0k, NPROC 14685, NOFILE 1048576, AS infinity
load average:0.53 0.24 0.10

/proc/meminfo:
MemTotal:        3781804 kB
MemFree:           93688 kB
MemAvailable:          0 kB
Buffers:             356 kB
Cached:            52028 kB
SwapCached:            0 kB
Active:          3508412 kB
Inactive:          36372 kB
Active(anon):    3507416 kB
Inactive(anon):    35032 kB
Active(file):        996 kB
Inactive(file):     1340 kB
Unevictable:        3652 kB
Mlocked:            3652 kB
SwapTotal:             0 kB
SwapFree:              0 kB
Dirty:                20 kB
Writeback:             0 kB
AnonPages:       3496072 kB
Mapped:            13408 kB
Shmem:             47604 kB
Slab:              60672 kB
SReclaimable:      20636 kB
SUnreclaim:        40036 kB
KernelStack:        4400 kB
PageTables:        16040 kB
NFS_Unstable:          0 kB
Bounce:                0 kB
WritebackTmp:          0 kB
CommitLimit:     1890900 kB
Committed_AS:    4319572 kB
VmallocTotal:   34359738367 kB
VmallocUsed:           0 kB
VmallocChunk:          0 kB
HardwareCorrupted:     0 kB
AnonHugePages:      2048 kB
ShmemHugePages:        0 kB
ShmemPmdMapped:        0 kB
CmaTotal:              0 kB
CmaFree:               0 kB
HugePages_Total:       0
HugePages_Free:        0
HugePages_Rsvd:        0
HugePages_Surp:        0
Hugepagesize:       2048 kB
DirectMap4k:      126964 kB
DirectMap2M:     3805184 kB
DirectMap1G:           0 kB

container (cgroup) information:
container_type: cgroupv1
cpu_cpuset_cpus: 0
cpu_memory_nodes: 0
active_processor_count: 1
cpu_quota: -1
cpu_period: 100000
cpu_shares: -1
memory_limit_in_bytes: -1
memory_and_swap_limit_in_bytes: -2
memory_soft_limit_in_bytes: -1
memory_usage_in_bytes: 225992704
memory_max_usage_in_bytes: 1751183360


CPU:total 1 (initial active 1) (1 cores per cpu, 1 threads per core) family 6 model 45 stepping 7, cmov, cx8, fxsr, mmx, sse, sse2, sse3, ssse3, sse4.1, sse4.2, popcnt, avx, aes, clmul, tsc, tscinvbit, tscinv

/proc/cpuinfo:
processor	: 0
vendor_id	: GenuineIntel
cpu family	: 6
model		: 45
model name	: Intel(R) Xeon(R) CPU @ 2.60GHz
stepping	: 7
microcode	: 0x1
cpu MHz		: 2600.000
cache size	: 20480 KB
physical id	: 0
siblings	: 1
core id		: 0
cpu cores	: 1
apicid		: 0
initial apicid	: 0
fpu		: yes
fpu_exception	: yes
cpuid level	: 13
wp		: yes
flags		: fpu vme de pse tsc msr pae mce cx8 apic sep mtrr pge mca cmov pat pse36 clflush mmx fxsr sse sse2 ss ht syscall nx pdpe1gb rdtscp lm constant_tsc rep_good nopl xtopology nonstop_tsc cpuid pni pclmulqdq ssse3 cx16 sse4_1 sse4_2 x2apic popcnt aes xsave avx hypervisor lahf_lm pti ssbd ibrs ibpb stibp tsc_adjust xsaveopt arat arch_capabilities
bugs		: cpu_meltdown spectre_v1 spectre_v2 spec_store_bypass l1tf
bogomips	: 5200.00
clflush size	: 64
cache_alignment	: 64
address sizes	: 46 bits physical, 48 bits virtual
power management:



Memory: 4k page, physical 3781804k(93944k free), swap 0k(0k free)

vm_info: OpenJDK 64-Bit Server VM (25.191-b12) for linux-amd64 JRE (1.8.0_191-8u191-b12-2ubuntu0.16.04.1-b12), built on Jan 14 2019 21:59:52 by "buildd" with gcc 5.4.0 20160609

time: Mon Aug 12 22:50:30 2019
elapsed time: 14 seconds (0d 0h 0m 14s)

