2019-08-13 07:08:13.567 [INFO] [] c.e.OneArmedBanditSpringBootApplication Starting OneArmedBanditSpringBootApplication v1.0 on instance-1 with PID 18183 (/home/siwiakmichal/bootapp/one-armed-bandit-web-socket/target/slot-simulator.jar started by root in /home/siwiakmichal/bootapp/one-armed-bandit-web-socket/target) [18183] [main]
2019-08-13 07:08:13.585 [INFO] [] c.e.OneArmedBanditSpringBootApplication No active profile set, falling back to default profiles: default [18183] [main]
2019-08-13 07:08:16.119 [INFO] [] o.s.d.r.c.RepositoryConfigurationDelegate Bootstrapping Spring Data repositories in DEFAULT mode. [18183] [main]
2019-08-13 07:08:16.373 [INFO] [] o.s.d.r.c.RepositoryConfigurationDelegate Finished Spring Data repository scanning in 239ms. Found 3 repository interfaces. [18183] [main]
2019-08-13 07:08:18.029 [INFO] [] o.s.b.w.e.t.TomcatWebServer Tomcat initialized with port(s): 8090 (http) [18183] [main]
2019-08-13 07:08:18.085 [INFO] [] o.a.c.h.Http11NioProtocol Initializing ProtocolHandler ["http-nio-8090"] [18183] [main]
2019-08-13 07:08:18.128 [INFO] [] o.a.c.c.StandardService Starting service [Tomcat] [18183] [main]
2019-08-13 07:08:18.138 [INFO] [] o.a.c.c.StandardEngine Starting Servlet engine: [Apache Tomcat/9.0.21] [18183] [main]
2019-08-13 07:08:18.381 [INFO] [] o.a.c.c.C.[.[.[/slot-simulator] Initializing Spring embedded WebApplicationContext [18183] [main]
2019-08-13 07:08:18.383 [INFO] [] o.s.w.c.ContextLoader Root WebApplicationContext: initialization completed in 4612 ms [18183] [main]
2019-08-13 07:08:19.237 [INFO] [] o.m.d.cluster Cluster created with settings {hosts=[localhost:27017], mode=MULTIPLE, requiredClusterType=UNKNOWN, serverSelectionTimeout='30000 ms', maxWaitQueueSize=500} [18183] [main]
2019-08-13 07:08:19.246 [INFO] [] o.m.d.cluster Adding discovered server localhost:27017 to client view of cluster [18183] [main]
2019-08-13 07:08:19.489 [INFO] [] o.m.d.connection Opened connection [connectionId{localValue:1, serverValue:586}] to localhost:27017 [18183] [cluster-ClusterId{value='5d5261e3d3a9a554511bf340', description='null'}-localhost:27017]
2019-08-13 07:08:19.502 [INFO] [] o.m.d.cluster Monitor thread successfully connected to server with description ServerDescription{address=localhost:27017, type=STANDALONE, state=CONNECTED, ok=true, version=ServerVersion{versionList=[3, 2, 22]}, minWireVersion=0, maxWireVersion=4, maxDocumentSize=16777216, logicalSessionTimeoutMinutes=null, roundTripTimeNanos=2298401} [18183] [cluster-ClusterId{value='5d5261e3d3a9a554511bf340', description='null'}-localhost:27017]
2019-08-13 07:08:19.505 [INFO] [] o.m.d.cluster Discovered cluster type of STANDALONE [18183] [cluster-ClusterId{value='5d5261e3d3a9a554511bf340', description='null'}-localhost:27017]
2019-08-13 07:08:20.794 [INFO] [] o.m.d.connection Opened connection [connectionId{localValue:2, serverValue:587}] to localhost:27017 [18183] [main]
2019-08-13 07:08:20.890 [INFO] [] c.e.w.GameController Found combination of reels: 16 [18183] [main]
2019-08-13 07:08:20.891 [INFO] [] c.e.w.GameController Please wait - possible RNOs [size: 420] of combination [0, 1, 4] is saving ... [18183] [main]
2019-08-13 07:08:21.393 [INFO] [] c.e.w.GameController Combination [0, 1, 4] is finished [18183] [main]
2019-08-13 07:08:21.402 [INFO] [] c.e.w.GameController Please wait - possible RNOs [size: 480] of combination [1, 3, 4] is saving ... [18183] [main]
2019-08-13 07:08:21.530 [INFO] [] c.e.w.GameController Combination [1, 3, 4] is finished [18183] [main]
2019-08-13 07:08:21.535 [INFO] [] c.e.w.GameController Please wait - possible RNOs [size: 3360] of combination [0, 1, 3, 4] is saving ... [18183] [main]
2019-08-13 07:08:22.309 [INFO] [] c.e.w.GameController Combination [0, 1, 3, 4] is finished [18183] [main]
2019-08-13 07:08:22.313 [INFO] [] c.e.w.GameController Please wait - possible RNOs [size: 2436] of combination [0, 1, 2] is saving ... [18183] [main]
2019-08-13 07:08:22.684 [INFO] [] c.e.w.GameController Combination [0, 1, 2] is finished [18183] [main]
2019-08-13 07:08:22.689 [INFO] [] c.e.w.GameController Please wait - possible RNOs [size: 1740] of combination [1, 2, 4] is saving ... [18183] [main]
2019-08-13 07:08:22.973 [INFO] [] c.e.w.GameController Combination [1, 2, 4] is finished [18183] [main]
2019-08-13 07:08:22.981 [INFO] [] c.e.w.GameController Please wait - possible RNOs [size: 1015] of combination [0, 2, 4] is saving ... [18183] [main]
2019-08-13 07:08:23.141 [INFO] [] c.e.w.GameController Combination [0, 2, 4] is finished [18183] [main]
2019-08-13 07:08:23.143 [INFO] [] c.e.w.GameController Please wait - possible RNOs [size: 97440] of combination [0, 1, 2, 3, 4] is saving ... [18183] [main]
2019-08-13 07:08:34.232 [INFO] [] c.e.w.GameController Combination [0, 1, 2, 3, 4] is finished [18183] [main]
2019-08-13 07:08:34.232 [INFO] [] c.e.w.GameController Please wait - possible RNOs [size: 1160] of combination [2, 3, 4] is saving ... [18183] [main]
2019-08-13 07:08:34.309 [INFO] [] c.e.w.GameController Combination [2, 3, 4] is finished [18183] [main]
2019-08-13 07:08:34.310 [INFO] [] c.e.w.GameController Please wait - possible RNOs [size: 8120] of combination [0, 2, 3, 4] is saving ... [18183] [main]
2019-08-13 07:08:35.091 [INFO] [] c.e.w.GameController Combination [0, 2, 3, 4] is finished [18183] [main]
2019-08-13 07:08:35.098 [INFO] [] c.e.w.GameController Please wait - possible RNOs [size: 19488] of combination [0, 1, 2, 3] is saving ... [18183] [main]
2019-08-13 07:08:36.397 [INFO] [] c.e.w.GameController Combination [0, 1, 2, 3] is finished [18183] [main]
2019-08-13 07:08:36.398 [INFO] [] c.e.w.GameController Please wait - possible RNOs [size: 2784] of combination [1, 2, 3] is saving ... [18183] [main]
2019-08-13 07:08:36.517 [INFO] [] c.e.w.GameController Combination [1, 2, 3] is finished [18183] [main]
2019-08-13 07:08:36.518 [INFO] [] c.e.w.GameController Please wait - possible RNOs [size: 672] of combination [0, 1, 3] is saving ... [18183] [main]
2019-08-13 07:08:36.543 [INFO] [] c.e.w.GameController Combination [0, 1, 3] is finished [18183] [main]
2019-08-13 07:08:36.545 [INFO] [] c.e.w.GameController Please wait - possible RNOs [size: 1624] of combination [0, 2, 3] is saving ... [18183] [main]
2019-08-13 07:08:36.630 [INFO] [] c.e.w.GameController Combination [0, 2, 3] is finished [18183] [main]
2019-08-13 07:08:36.630 [INFO] [] c.e.w.GameController Please wait - possible RNOs [size: 12180] of combination [0, 1, 2, 4] is saving ... [18183] [main]
2019-08-13 07:08:37.454 [INFO] [] c.e.w.GameController Combination [0, 1, 2, 4] is finished [18183] [main]
2019-08-13 07:08:37.454 [INFO] [] c.e.w.GameController Please wait - possible RNOs [size: 13920] of combination [1, 2, 3, 4] is saving ... [18183] [main]
2019-08-13 07:08:38.310 [INFO] [] c.e.w.GameController Combination [1, 2, 3, 4] is finished [18183] [main]
2019-08-13 07:08:38.310 [INFO] [] c.e.w.GameController Please wait - possible RNOs [size: 280] of combination [0, 3, 4] is saving ... [18183] [main]
2019-08-13 07:08:38.323 [INFO] [] c.e.w.GameController Combination [0, 3, 4] is finished [18183] [main]
2019-08-13 07:08:38.642 [INFO] [] o.s.s.c.ThreadPoolTaskExecutor Initializing ExecutorService 'clientInboundChannelExecutor' [18183] [main]
2019-08-13 07:08:38.654 [INFO] [] o.s.s.c.ThreadPoolTaskExecutor Initializing ExecutorService 'clientOutboundChannelExecutor' [18183] [main]
2019-08-13 07:08:38.679 [INFO] [] o.s.s.c.ThreadPoolTaskScheduler Initializing ExecutorService 'messageBrokerTaskScheduler' [18183] [main]
2019-08-13 07:08:38.793 [INFO] [] o.s.s.c.ThreadPoolTaskExecutor Initializing ExecutorService 'brokerChannelExecutor' [18183] [main]
2019-08-13 07:08:39.966 [INFO] [] o.s.m.s.b.SimpleBrokerMessageHandler Starting... [18183] [main]
2019-08-13 07:08:39.967 [INFO] [] o.s.m.s.b.SimpleBrokerMessageHandler BrokerAvailabilityEvent[available=true, SimpleBrokerMessageHandler [DefaultSubscriptionRegistry[cache[0 destination(s)], registry[0 sessions]]]] [18183] [main]
2019-08-13 07:08:39.967 [INFO] [] o.s.m.s.b.SimpleBrokerMessageHandler Started. [18183] [main]
2019-08-13 07:08:39.981 [INFO] [] o.a.c.h.Http11NioProtocol Starting ProtocolHandler ["http-nio-8090"] [18183] [main]
2019-08-13 07:08:40.053 [INFO] [] o.s.b.w.e.t.TomcatWebServer Tomcat started on port(s): 8090 (http) with context path '/slot-simulator' [18183] [main]
2019-08-13 07:08:40.056 [INFO] [] c.e.OneArmedBanditSpringBootApplication Started OneArmedBanditSpringBootApplication in 27.94 seconds (JVM running for 29.343) [18183] [main]
2019-08-13 07:09:12.325 [INFO] [] o.a.c.c.C.[.[.[/slot-simulator] Initializing Spring DispatcherServlet 'dispatcherServlet' [18183] [http-nio-8090-exec-1]
2019-08-13 07:09:12.329 [INFO] [] o.s.w.s.DispatcherServlet Initializing Servlet 'dispatcherServlet' [18183] [http-nio-8090-exec-1]
2019-08-13 07:09:12.355 [INFO] [] o.s.w.s.DispatcherServlet Completed initialization in 25 ms [18183] [http-nio-8090-exec-1]
2019-08-13 07:09:38.696 [INFO] [] c.e.w.GameController Report generated size=100 [18183] [http-nio-8090-exec-7]
2019-08-13 07:09:38.790 [INFO] [] o.s.w.s.c.WebSocketMessageBrokerStats WebSocketSession[0 current WS(0)-HttpStream(0)-HttpPoll(0), 0 total, 0 closed abnormally (0 connect failure, 0 send limit, 0 transport error)], stompSubProtocol[processed CONNECT(0)-CONNECTED(0)-DISCONNECT(0)], stompBrokerRelay[null], inboundChannel[pool size = 0, active threads = 0, queued tasks = 0, completed tasks = 0], outboundChannel[pool size = 0, active threads = 0, queued tasks = 0, completed tasks = 0], sockJsScheduler[pool size = 1, active threads = 1, queued tasks = 0, completed tasks = 0] [18183] [MessageBroker-1]
2019-08-13 07:24:12.970 [INFO] [] o.s.m.s.b.SimpleBrokerMessageHandler Stopping... [18183] [Thread-3]
2019-08-13 07:24:12.970 [INFO] [] o.s.m.s.b.SimpleBrokerMessageHandler BrokerAvailabilityEvent[available=false, SimpleBrokerMessageHandler [DefaultSubscriptionRegistry[cache[0 destination(s)], registry[0 sessions]]]] [18183] [Thread-3]
2019-08-13 07:24:12.971 [INFO] [] o.s.m.s.b.SimpleBrokerMessageHandler Stopped. [18183] [Thread-3]
2019-08-13 07:24:12.984 [INFO] [] o.s.s.c.ThreadPoolTaskExecutor Shutting down ExecutorService 'brokerChannelExecutor' [18183] [Thread-3]
2019-08-13 07:24:12.986 [INFO] [] o.s.s.c.ThreadPoolTaskScheduler Shutting down ExecutorService 'messageBrokerTaskScheduler' [18183] [Thread-3]
2019-08-13 07:24:12.987 [INFO] [] o.s.s.c.ThreadPoolTaskExecutor Shutting down ExecutorService 'clientOutboundChannelExecutor' [18183] [Thread-3]
2019-08-13 07:24:12.990 [INFO] [] o.s.s.c.ThreadPoolTaskExecutor Shutting down ExecutorService 'clientInboundChannelExecutor' [18183] [Thread-3]
2019-08-13 07:24:13.011 [INFO] [] o.m.d.connection Closed connection [connectionId{localValue:2, serverValue:587}] to localhost:27017 because the pool has been closed. [18183] [Thread-3]
