2019-08-12 23:16:03.798 [INFO] [] c.e.OneArmedBanditSpringBootApplication Starting OneArmedBanditSpringBootApplication v1.0 on instance-1 with PID 11632 (/home/siwiakmichal/bootapp/one-armed-bandit-web-socket/target/slot-simulator.jar started by root in /home/siwiakmichal/bootapp/one-armed-bandit-web-socket/target) [11632] [main]
2019-08-12 23:16:03.810 [INFO] [] c.e.OneArmedBanditSpringBootApplication No active profile set, falling back to default profiles: default [11632] [main]
2019-08-12 23:16:06.279 [INFO] [] o.s.d.r.c.RepositoryConfigurationDelegate Bootstrapping Spring Data repositories in DEFAULT mode. [11632] [main]
2019-08-12 23:16:06.527 [INFO] [] o.s.d.r.c.RepositoryConfigurationDelegate Finished Spring Data repository scanning in 229ms. Found 3 repository interfaces. [11632] [main]
2019-08-12 23:16:08.238 [INFO] [] o.s.b.w.e.t.TomcatWebServer Tomcat initialized with port(s): 8090 (http) [11632] [main]
2019-08-12 23:16:08.295 [INFO] [] o.a.c.h.Http11NioProtocol Initializing ProtocolHandler ["http-nio-8090"] [11632] [main]
2019-08-12 23:16:08.347 [INFO] [] o.a.c.c.StandardService Starting service [Tomcat] [11632] [main]
2019-08-12 23:16:08.348 [INFO] [] o.a.c.c.StandardEngine Starting Servlet engine: [Apache Tomcat/9.0.21] [11632] [main]
2019-08-12 23:16:08.606 [INFO] [] o.a.c.c.C.[.[.[/slot-simulator] Initializing Spring embedded WebApplicationContext [11632] [main]
2019-08-12 23:16:08.607 [INFO] [] o.s.w.c.ContextLoader Root WebApplicationContext: initialization completed in 4613 ms [11632] [main]
2019-08-12 23:16:09.453 [INFO] [] o.m.d.cluster Cluster created with settings {hosts=[localhost:27017], mode=MULTIPLE, requiredClusterType=UNKNOWN, serverSelectionTimeout='30000 ms', maxWaitQueueSize=500} [11632] [main]
2019-08-12 23:16:09.458 [INFO] [] o.m.d.cluster Adding discovered server localhost:27017 to client view of cluster [11632] [main]
2019-08-12 23:16:09.726 [INFO] [] o.m.d.connection Opened connection [connectionId{localValue:1, serverValue:581}] to localhost:27017 [11632] [cluster-ClusterId{value='5d51f339445c6e5ad3e456ae', description='null'}-localhost:27017]
2019-08-12 23:16:09.739 [INFO] [] o.m.d.cluster Monitor thread successfully connected to server with description ServerDescription{address=localhost:27017, type=STANDALONE, state=CONNECTED, ok=true, version=ServerVersion{versionList=[3, 2, 22]}, minWireVersion=0, maxWireVersion=4, maxDocumentSize=16777216, logicalSessionTimeoutMinutes=null, roundTripTimeNanos=10064645} [11632] [cluster-ClusterId{value='5d51f339445c6e5ad3e456ae', description='null'}-localhost:27017]
2019-08-12 23:16:09.741 [INFO] [] o.m.d.cluster Discovered cluster type of STANDALONE [11632] [cluster-ClusterId{value='5d51f339445c6e5ad3e456ae', description='null'}-localhost:27017]
2019-08-12 23:16:11.128 [INFO] [] o.m.d.connection Opened connection [connectionId{localValue:2, serverValue:582}] to localhost:27017 [11632] [main]
2019-08-12 23:16:11.222 [INFO] [] c.e.w.GameController Found combination of reels: 16 [11632] [main]
2019-08-12 23:16:11.223 [INFO] [] c.e.w.GameController Please wait - possible RNOs [size: 420] of combination [0, 1, 4] is saving ... [11632] [main]
2019-08-12 23:16:11.771 [INFO] [] c.e.w.GameController Combination [0, 1, 4] is finished [11632] [main]
2019-08-12 23:16:11.777 [INFO] [] c.e.w.GameController Please wait - possible RNOs [size: 480] of combination [1, 3, 4] is saving ... [11632] [main]
2019-08-12 23:16:11.907 [INFO] [] c.e.w.GameController Combination [1, 3, 4] is finished [11632] [main]
2019-08-12 23:16:11.909 [INFO] [] c.e.w.GameController Please wait - possible RNOs [size: 3360] of combination [0, 1, 3, 4] is saving ... [11632] [main]
2019-08-12 23:16:12.543 [INFO] [] c.e.w.GameController Combination [0, 1, 3, 4] is finished [11632] [main]
2019-08-12 23:16:12.544 [INFO] [] c.e.w.GameController Please wait - possible RNOs [size: 2436] of combination [0, 1, 2] is saving ... [11632] [main]
2019-08-12 23:16:12.885 [INFO] [] c.e.w.GameController Combination [0, 1, 2] is finished [11632] [main]
2019-08-12 23:16:12.887 [INFO] [] c.e.w.GameController Please wait - possible RNOs [size: 1740] of combination [1, 2, 4] is saving ... [11632] [main]
2019-08-12 23:16:13.124 [INFO] [] c.e.w.GameController Combination [1, 2, 4] is finished [11632] [main]
2019-08-12 23:16:13.133 [INFO] [] c.e.w.GameController Please wait - possible RNOs [size: 1015] of combination [0, 2, 4] is saving ... [11632] [main]
2019-08-12 23:16:13.266 [INFO] [] c.e.w.GameController Combination [0, 2, 4] is finished [11632] [main]
2019-08-12 23:16:13.267 [INFO] [] c.e.w.GameController Please wait - possible RNOs [size: 97440] of combination [0, 1, 2, 3, 4] is saving ... [11632] [main]
2019-08-12 23:16:24.703 [INFO] [] c.e.w.GameController Combination [0, 1, 2, 3, 4] is finished [11632] [main]
2019-08-12 23:16:24.703 [INFO] [] c.e.w.GameController Please wait - possible RNOs [size: 1160] of combination [2, 3, 4] is saving ... [11632] [main]
2019-08-12 23:16:24.789 [INFO] [] c.e.w.GameController Combination [2, 3, 4] is finished [11632] [main]
2019-08-12 23:16:24.790 [INFO] [] c.e.w.GameController Please wait - possible RNOs [size: 8120] of combination [0, 2, 3, 4] is saving ... [11632] [main]
2019-08-12 23:16:25.340 [INFO] [] c.e.w.GameController Combination [0, 2, 3, 4] is finished [11632] [main]
2019-08-12 23:16:25.341 [INFO] [] c.e.w.GameController Please wait - possible RNOs [size: 19488] of combination [0, 1, 2, 3] is saving ... [11632] [main]
2019-08-12 23:16:26.488 [INFO] [] c.e.w.GameController Combination [0, 1, 2, 3] is finished [11632] [main]
2019-08-12 23:16:26.489 [INFO] [] c.e.w.GameController Please wait - possible RNOs [size: 2784] of combination [1, 2, 3] is saving ... [11632] [main]
2019-08-12 23:16:26.599 [INFO] [] c.e.w.GameController Combination [1, 2, 3] is finished [11632] [main]
2019-08-12 23:16:26.600 [INFO] [] c.e.w.GameController Please wait - possible RNOs [size: 672] of combination [0, 1, 3] is saving ... [11632] [main]
2019-08-12 23:16:26.626 [INFO] [] c.e.w.GameController Combination [0, 1, 3] is finished [11632] [main]
2019-08-12 23:16:26.626 [INFO] [] c.e.w.GameController Please wait - possible RNOs [size: 1624] of combination [0, 2, 3] is saving ... [11632] [main]
2019-08-12 23:16:26.685 [INFO] [] c.e.w.GameController Combination [0, 2, 3] is finished [11632] [main]
2019-08-12 23:16:26.686 [INFO] [] c.e.w.GameController Please wait - possible RNOs [size: 12180] of combination [0, 1, 2, 4] is saving ... [11632] [main]
2019-08-12 23:16:27.369 [INFO] [] c.e.w.GameController Combination [0, 1, 2, 4] is finished [11632] [main]
2019-08-12 23:16:27.370 [INFO] [] c.e.w.GameController Please wait - possible RNOs [size: 13920] of combination [1, 2, 3, 4] is saving ... [11632] [main]
2019-08-12 23:16:28.249 [INFO] [] c.e.w.GameController Combination [1, 2, 3, 4] is finished [11632] [main]
2019-08-12 23:16:28.250 [INFO] [] c.e.w.GameController Please wait - possible RNOs [size: 280] of combination [0, 3, 4] is saving ... [11632] [main]
2019-08-12 23:16:28.263 [INFO] [] c.e.w.GameController Combination [0, 3, 4] is finished [11632] [main]
2019-08-12 23:16:28.587 [INFO] [] o.s.s.c.ThreadPoolTaskExecutor Initializing ExecutorService 'clientInboundChannelExecutor' [11632] [main]
2019-08-12 23:16:28.602 [INFO] [] o.s.s.c.ThreadPoolTaskExecutor Initializing ExecutorService 'clientOutboundChannelExecutor' [11632] [main]
2019-08-12 23:16:28.624 [INFO] [] o.s.s.c.ThreadPoolTaskScheduler Initializing ExecutorService 'messageBrokerTaskScheduler' [11632] [main]
2019-08-12 23:16:28.746 [INFO] [] o.s.s.c.ThreadPoolTaskExecutor Initializing ExecutorService 'brokerChannelExecutor' [11632] [main]
2019-08-12 23:16:29.952 [INFO] [] o.s.m.s.b.SimpleBrokerMessageHandler Starting... [11632] [main]
2019-08-12 23:16:29.953 [INFO] [] o.s.m.s.b.SimpleBrokerMessageHandler BrokerAvailabilityEvent[available=true, SimpleBrokerMessageHandler [DefaultSubscriptionRegistry[cache[0 destination(s)], registry[0 sessions]]]] [11632] [main]
2019-08-12 23:16:29.959 [INFO] [] o.s.m.s.b.SimpleBrokerMessageHandler Started. [11632] [main]
2019-08-12 23:16:29.968 [INFO] [] o.a.c.h.Http11NioProtocol Starting ProtocolHandler ["http-nio-8090"] [11632] [main]
2019-08-12 23:16:30.038 [INFO] [] o.s.b.w.e.t.TomcatWebServer Tomcat started on port(s): 8090 (http) with context path '/slot-simulator' [11632] [main]
2019-08-12 23:16:30.041 [INFO] [] c.e.OneArmedBanditSpringBootApplication Started OneArmedBanditSpringBootApplication in 27.649 seconds (JVM running for 29.027) [11632] [main]
2019-08-12 23:16:34.257 [INFO] [] o.s.m.s.b.SimpleBrokerMessageHandler Stopping... [11632] [Thread-3]
2019-08-12 23:16:34.259 [INFO] [] o.s.m.s.b.SimpleBrokerMessageHandler BrokerAvailabilityEvent[available=false, SimpleBrokerMessageHandler [DefaultSubscriptionRegistry[cache[0 destination(s)], registry[0 sessions]]]] [11632] [Thread-3]
2019-08-12 23:16:34.259 [INFO] [] o.s.m.s.b.SimpleBrokerMessageHandler Stopped. [11632] [Thread-3]
2019-08-12 23:16:34.265 [INFO] [] o.s.s.c.ThreadPoolTaskExecutor Shutting down ExecutorService 'brokerChannelExecutor' [11632] [Thread-3]
2019-08-12 23:16:34.265 [INFO] [] o.s.s.c.ThreadPoolTaskScheduler Shutting down ExecutorService 'messageBrokerTaskScheduler' [11632] [Thread-3]
2019-08-12 23:16:34.267 [INFO] [] o.s.s.c.ThreadPoolTaskExecutor Shutting down ExecutorService 'clientOutboundChannelExecutor' [11632] [Thread-3]
2019-08-12 23:16:34.269 [INFO] [] o.s.s.c.ThreadPoolTaskExecutor Shutting down ExecutorService 'clientInboundChannelExecutor' [11632] [Thread-3]
2019-08-12 23:16:34.279 [INFO] [] o.m.d.connection Closed connection [connectionId{localValue:2, serverValue:582}] to localhost:27017 because the pool has been closed. [11632] [Thread-3]
